                                ;*** AILZ80ASM *** Z-80 Assembler, version 1.0.12.0, LST:Full:4
                                ;   GCV by Gaku
                                ;
       0000                     WBOOT   EQU $0000
       0005                     SYSTEM  EQU $0005
       1000                     BUFFA   EQU $1000
                                
       000B                     THOLD   EQU 11
       0004                     CCTRL   EQU 4
                                
000000 0100                         ORG $0100
000000 0100 C30301          10      JP  START
       0103                     START:
000003 0103 0E6F             7      LD  C,$6F       ;(BDOS)MSX-DOS ‚Ìƒo[ƒWƒ‡ƒ“”Ô†‚ÌŠl“¾(_DOSVER)
000005 0105 CD0500          17      CALL    SYSTEM
000008 0108 79               4      LD  A,C
000009 0109 FE1D             7      CP  $1D
00000B 010B C0              11      RET NZ
00000C 010C 7D               4      LD  A,L
00000D 010D E67F             7      AND $7F
00000F 010F C0              11      RET NZ
                                
000010 0110 ED7B0600        20      LD  SP,(SYSTEM+1)
                                
000014 0114 11F303          10      LD  DE,TITLE
000017 0117 0E09             7      LD  C,9
000019 0119 CD0500          17      CALL    SYSTEM
                                
00001C 011C 118100          10      LD  DE,$0081
       011F                     MAIN:
00001F 011F CDCB03          17      CALL    _SPSK
       0122                     SW1:
000022 0122 1A               7      LD  A,(DE)
000023 0123 13               6      INC DE
000024 0124 FE2D             7      CP  "-"
000026 0126 28FA            12      JR  Z,SW1
000028 0128 FE2F             7      CP  "/"
00002A 012A 28F6            12      JR  Z,SW1
                                
00002C 012C CDD103          17      CALL    _CAP
                                
00002F 012F FE45             7      CP  "E"
000031 0131 CAC402          10      JP  Z,MC
000034 0134 FE44             7      CP  "D"
000036 0136 CA3D03          10      JP  Z,CM
000039 0139 FE43             7      CP  "C"
00003B 013B 2005            12      JR  NZ,SW2
00003D 013D 326101          13      LD  (CAMUS+1),A
000040 0140 180E            12      JR  START1
       0142                     SW2:
000042 0142 FE32             7      CP  "2"
000044 0144 280A            12      JR  Z,START1
000046 0146 FE34             7      CP  "4"
000048 0148 C2BA03          10      JP  NZ,USAGE
00004B 014B 3E37             7      LD  A,$37
00004D 014D 32EF01          13      LD  (PATCH),A
       0150                     START1:
000050 0150 CDDA03          17      CALL    _G1FD0
000053 0153 57               4      LD  D,A
000054 0154 5F               4      LD  E,A
000055 0155 CBA3             8      RES 4,E     ;BANK0
000057 0157 CBE2             8      SET 4,D     ;BANK1
000059 0159 D9               4      EXX
00005A 015A 0100C0          10      LD  BC,$C000
00005D 015D CDB001          17      CALL    SUB1
000060 0160 3E00             7  CAMUS:  LD  A,$00
000062 0162 B7               4      OR  A
000063 0163 0100C0          10      LD  BC,$C000
000066 0166 C48C01          17      CALL    NZ,SUBC
                                
000069 0169 010080          10      LD  BC,$8000
00006C 016C CDB001          17      CALL    SUB1
00006F 016F 3A6101          13      LD  A,(CAMUS+1)
000072 0172 B7               4      OR  A
000073 0173 010080          10      LD  BC,$8000
000076 0176 C48C01          17      CALL    NZ,SUBC
                                
000079 0179 010040          10      LD  BC,$4000
00007C 017C CDB001          17      CALL    SUB1
00007F 017F 3A6101          13      LD  A,(CAMUS+1)
000082 0182 B7               4      OR  A
000083 0183 010040          10      LD  BC,$4000
000086 0186 C48C01          17      CALL    NZ,SUBC
000089 0189 C30000          10      JP  0
                                
       018C                     SUBC:
00008C 018C D9               4      EXX
00008D 018D 7A               4      LD  A,D ;BANK1
00008E 018E CDE403          17      CALL    _S1FD0
000091 0191 D9               4      EXX
000092 0192 3E0C             7      LD  A,THOLD+1
000094 0194 326402          13      LD  (TPAT1+1),A
000097 0197 326802          13      LD  (TPAT2+1),A
00009A 019A 3E03             7      LD  A,CCTRL-1
00009C 019C 325202          13      LD  (SPAT+1),A
                                
00009F 019F CDE701          17      CALL    SUBC2
                                
0000A2 01A2 3E0B             7      LD  A,THOLD
0000A4 01A4 326402          13      LD  (TPAT1+1),A
0000A7 01A7 326802          13      LD  (TPAT2+1),A
0000AA 01AA 3E04             7      LD  A,CCTRL
0000AC 01AC 325202          13      LD  (SPAT+1),A
                                
0000AF 01AF C9              10      RET
                                
                                
                                
       01B0                     SUB1:
0000B0 01B0 C5              11      PUSH    BC
0000B1 01B1 21B004          10      LD  HL,NEXT1
0000B4 01B4 11B104          10      LD  DE,NEXT1+1
0000B7 01B7 010505          10      LD  BC,642*2+1
0000BA 01BA 3600            10      LD  (HL),0
0000BC 01BC EDB0                    LDIR
0000BE 01BE C1              10      POP BC
                                
0000BF 01BF 110040          10      LD  DE,$4000
0000C2 01C2 210010          10      LD  HL,BUFFA
0000C5 01C5 C5              11      PUSH    BC
       01C6                     LOOP0:
0000C6 01C6 D9               4      EXX
0000C7 01C7 7B               4      LD  A,E ;BANK0
0000C8 01C8 CDE403          17      CALL    _S1FD0
0000CB 01CB D9               4      EXX
0000CC 01CC ED78            12      IN  A,(C)
0000CE 01CE 77               7      LD  (HL),A
0000CF 01CF 23               6      INC HL
0000D0 01D0 D9               4      EXX
0000D1 01D1 7A               4      LD  A,D ;BANK1
0000D2 01D2 CDE403          17      CALL    _S1FD0
0000D5 01D5 D9               4      EXX
0000D6 01D6 ED78            12      IN  A,(C)
0000D8 01D8 77               7      LD  (HL),A
0000D9 01D9 23               6      INC HL
0000DA 01DA 03               6      INC BC
0000DB 01DB 1B               6      DEC DE
0000DC 01DC 7A               4      LD  A,D
0000DD 01DD B3               4      OR  E
0000DE 01DE 20E6            12      JR  NZ,LOOP0
0000E0 01E0 C1              10      POP BC
                                
0000E1 01E1 D9               4      EXX
0000E2 01E2 7B               4      LD  A,E ;BANK0
0000E3 01E3 CDE403          17      CALL    _S1FD0
0000E6 01E6 D9               4      EXX
       01E7                     SUBC2:
0000E7 01E7 210010          10      LD  HL,BUFFA
0000EA 01EA 1619             7      LD  D,25        ;25LINE
                                
       01EC                     LOOP1:
0000EC 01EC 1E08             7      LD  E,8
       01EE                     LOOP2:
0000EE 01EE D5              11      PUSH    DE
                                
0000EF 01EF B7               4  PATCH:  OR  A
0000F0 01F0 3013            12      JR  NC,SKIP200
0000F2 01F2 D9               4      EXX
0000F3 01F3 7B               4      LD  A,E ;BANK0
0000F4 01F4 CDE403          17      CALL    _S1FD0
0000F7 01F7 D9               4      EXX
0000F8 01F8 C5              11      PUSH    BC
0000F9 01F9 E5              11      PUSH    HL
0000FA 01FA CD2C02          17      CALL    SUB2
0000FD 01FD E1              10      POP HL
0000FE 01FE C1              10      POP BC
0000FF 01FF D9               4      EXX
000100 0200 7A               4      LD  A,D ;BANK1
000101 0201 CDE403          17      CALL    _S1FD0
000104 0204 D9               4      EXX
       0205                     SKIP200:
000105 0205 CD2C02          17      CALL    SUB2
                                
000108 0208 D1              10      POP DE
000109 0209 1D               4      DEC E
00010A 020A 2813            12      JR  Z,SKIP1
                                
00010C 020C 79               4      LD  A,C
00010D 020D D650             7      SUB 80
00010F 020F 4F               4      LD  C,A
000110 0210 78               4      LD  A,B
000111 0211 DEF8             7      SBC A,$F8
000113 0213 47               4      LD  B,A
                                
000114 0214 7D               4      LD  A,L
000115 0215 D650             7      SUB 80
000117 0217 6F               4      LD  L,A
000118 0218 7C               4      LD  A,H
000119 0219 DEF0             7      SBC A,$F0
00011B 021B 67               4      LD  H,A
00011C 021C C3EE01          10      JP  LOOP2
                                
00011F 021F 15               4  SKIP1:  DEC D
000120 0220 C8              11      RET Z
000121 0221 78               4      LD  A,B
000122 0222 D638             7      SUB $38
000124 0224 47               4      LD  B,A
000125 0225 7C               4      LD  A,H
000126 0226 D670             7      SUB $70
000128 0228 67               4      LD  H,A
000129 0229 C3EC01          10      JP  LOOP1
                                
       022C                     SUB2:
00012C 022C 1628             7      LD  D,40        ;40CHARCTER(4*80*+2=640DOT)
00012E 022E DD2AAC04        20      LD  IX,(NEXTX1)
000132 0232 FD2AAE04        20      LD  IY,(NEXTX2)
                                
       0236                     LOOP3:
000136 0236 1E08             7      LD  E,8     ;8DOT
                                
       0238                     LOOP4:
000138 0238 D5              11      PUSH    DE      ;POINT
000139 0239 5C               4      LD  E,H
00013A 023A 7C               4      LD  A,H
00013B 023B C608             7      ADD A,8
00013D 023D 57               4      LD  D,A
00013E 023E AF               4      XOR A
00013F 023F CB06            15      RLC (HL)
000141 0241 17               4      RLA
000142 0242 62               4      LD  H,D
000143 0243 CB06            15      RLC (HL)
000145 0245 17               4      RLA
000146 0246 63               4      LD  H,E
000147 0247 23               6      INC HL
000148 0248 CB06            15      RLC (HL)
00014A 024A 17               4      RLA
00014B 024B 62               4      LD  H,D
00014C 024C CB06            15      RLC (HL)
00014E 024E 17               4      RLA
00014F 024F 2B               6      DEC HL
000150 0250 63               4      LD  H,E
000151 0251 D604             7  SPAT:   SUB CCTRL
000153 0253 3001            12      JR  NC,PLUS
000155 0255 AF               4      XOR A
       0256                     PLUS:
000156 0256 F5              11      PUSH    AF
000157 0257 F5              11      PUSH    AF
000158 0258 3E02             7      LD  A,2
       025A                     LOOP5:
00015A 025A 08               4      EX  AF,AF'
00015B 025B F1              10      POP AF
00015C 025C DD8600          19      ADD A,(IX+0)    ;ADD
00015F 025F DD360000        19      LD  (IX+0),0
000163 0263 FE0B             7  TPAT1:  CP  THOLD
000165 0265 3802            12      JR  C,PSET
000167 0267 D60B             7  TPAT2:  SUB THOLD
       0269                     PSET:
000169 0269 3F               4      CCF
00016A 026A D9               4      EXX
00016B 026B ED6A            15      ADC HL,HL   ;PSET (CF=1)
00016D 026D D9               4      EXX
                                
00016E 026E 57               4      LD  D,A
00016F 026F CB3A             8      SRL D
000171 0271 92               4      SUB D
000172 0272 5A               4      LD  E,D     ;E=A/2
000173 0273 CB3A             8      SRL D
000175 0275 92               4      SUB D
000176 0276 D5              11      PUSH    DE      ;A=A/4
000177 0277 CB3A             8      SRL D
000179 0279 92               4      SUB D
00017A 027A D5              11      PUSH    DE      ;A=A/8
                                
00017B 027B FD8600          19      ADD A,(IY+0)    ;Y+1
00017E 027E FD7700          19      LD  (IY+0),A
                                
000181 0281 F1              10      POP AF      ;A=A/8
000182 0282 FD8601          19      ADD A,(IY+1)    ;Y+1 X+1
000185 0285 FD7701          19      LD  (IY+1),A
                                
000188 0288 F1              10      POP AF      ;A=A/4
000189 0289 FD86FF          19      ADD A,(IY-1)    ;Y+1 X-1
00018C 028C FD77FF          19      LD  (IY-1),A
                                
00018F 028F 7B               4      LD  A,E     ;E=A/2  ;X+1
000190 0290 DD8601          19      ADD A,(IX+1)
000193 0293 DD7701          19      LD  (IX+1),A
                                
000196 0296 DD23            10      INC IX
000198 0298 FD23            10      INC IY
                                
00019A 029A 08               4      EX  AF,AF'
00019B 029B 3D               4      DEC A
00019C 029C 20BC            12      JR  NZ,LOOP5
                                
00019E 029E D1              10      POP DE
00019F 029F 1D               4      DEC E
0001A0 02A0 2096            12      JR  NZ,LOOP4
                                
0001A2 02A2 D9               4      EXX
0001A3 02A3 7C               4      LD  A,H     ;DATA HIGH
0001A4 02A4 D9               4      EXX
0001A5 02A5 ED79            12      OUT (C),A
                                
0001A7 02A7 03               6      INC BC
0001A8 02A8 D9               4      EXX
0001A9 02A9 7D               4      LD  A,L     ;DATA LOW
0001AA 02AA D9               4      EXX
0001AB 02AB ED79            12      OUT (C),A
0001AD 02AD 03               6      INC BC
                                
0001AE 02AE 23               6      INC HL
0001AF 02AF 23               6      INC HL
                                
0001B0 02B0 15               4      DEC D
0001B1 02B1 2083            12      JR  NZ,LOOP3
                                
0001B3 02B3 DD2AAC04        20      LD  IX,(NEXTX1) ;DATA SWAP
0001B7 02B7 FD2AAE04        20      LD  IY,(NEXTX2)
0001BB 02BB FD22AC04        20      LD  (NEXTX1),IY
0001BF 02BF DD22AE04        20      LD  (NEXTX2),IX
0001C3 02C3 C9              10      RET
                                
                                ;   Encode
       02C4                     MC:
0001C4 02C4 D5              11      PUSH    DE
                                
0001C5 02C5 CDDA03          17      CALL    _G1FD0
0001C8 02C8 CBE7             8      SET 4,A     ;BANK1
0001CA 02CA CDE403          17      CALL    _S1FD0
                                
0001CD 02CD CDE402          17      CALL    MC0
                                
0001D0 02D0 CDDA03          17      CALL    _G1FD0
0001D3 02D3 CBA7             8      RES 4,A     ;BANK0
0001D5 02D5 CDE403          17      CALL    _S1FD0
                                
0001D8 02D8 CDE402          17      CALL    MC0
                                
0001DB 02DB D1              10      POP DE
0001DC 02DC 3E37             7      LD  A,$37
0001DE 02DE 32BB03          13      LD  (USPAT),A
0001E1 02E1 C31F01          10      JP  MAIN
                                
       02E4                     MC0:
0001E4 02E4 0100C0          10      LD  BC,$C000
0001E7 02E7 CDF302          17      CALL    MCSUB
0001EA 02EA 010080          10      LD  BC,$8000
0001ED 02ED CDF302          17      CALL    MCSUB
0001F0 02F0 010040          10      LD  BC,$4000
                                
       02F3                     MCSUB:
0001F3 02F3 110040          10      LD  DE,$4000
0001F6 02F6 210010          10      LD  HL,BUFFA
0001F9 02F9 C5              11      PUSH    BC
       02FA                     MC1:
0001FA 02FA EDA2            16      INI
0001FC 02FC 04               4      INC B
0001FD 02FD 03               6      INC BC
0001FE 02FE 1B               6      DEC DE
0001FF 02FF 7A               4      LD  A,D
000200 0300 B3               4      OR  E
000201 0301 20F7            12      JR  NZ,MC1
000203 0303 C1              10      POP BC
                                
000204 0304 210010          10      LD  HL,BUFFA
                                
000207 0307 3E08             7      LD  A,8
       0309                     MC2:
000209 0309 08               4      EX  AF,AF'
00020A 030A 1619             7      LD  D,25
       030C                     MC3:
00020C 030C 1E28             7      LD  E,40
       030E                     MC4:
00020E 030E 04               4      INC B
00020F 030F EDA3            16      OUTI
000211 0311 03               6      INC BC
000212 0312 1D               4      DEC E
000213 0313 20F9            12      JR  NZ,MC4
                                
000215 0315 C5              11      PUSH    BC
000216 0316 01D803          10      LD  BC,$400-40
000219 0319 09              11      ADD HL,BC
00021A 031A C1              10      POP BC
00021B 031B 1E28             7      LD  E,40
       031D                     MC5:
00021D 031D 04               4      INC B
00021E 031E EDA3            16      OUTI
000220 0320 03               6      INC BC
000221 0321 1D               4      DEC E
000222 0322 20F9            12      JR  NZ,MC5
                                
000224 0324 7C               4      LD  A,H
000225 0325 D604             7      SUB 4
000227 0327 67               4      LD  H,A
                                
000228 0328 15               4      DEC D
000229 0329 20E1            12      JR  NZ,MC3
                                
00022B 032B 79               4      LD  A,C
00022C 032C C630             7      ADD A,48
00022E 032E 4F               4      LD  C,A
00022F 032F 88               4      ADC A,B
000230 0330 91               4      SUB C
000231 0331 47               4      LD  B,A
                                
000232 0332 C5              11      PUSH    BC
000233 0333 011804          10      LD  BC,1048
000236 0336 09              11      ADD HL,BC
000237 0337 C1              10      POP BC
                                
000238 0338 08               4      EX  AF,AF'
000239 0339 3D               4      DEC A
00023A 033A 20CD            12      JR  NZ,MC2
00023C 033C C9              10      RET
                                
       033D                     CM:
00023D 033D D5              11      PUSH    DE
                                
00023E 033E CDDA03          17      CALL    _G1FD0
000241 0341 CBE7             8      SET 4,A     ;BANK1
000243 0343 CDE403          17      CALL    _S1FD0
                                
000246 0346 CD5D03          17      CALL    CM0
                                
000249 0349 CDDA03          17      CALL    _G1FD0
00024C 034C CBA7             8      RES 4,A     ;BANK0
00024E 034E CDE403          17      CALL    _S1FD0
                                
000251 0351 CD5D03          17      CALL    CM0
                                
000254 0354 D1              10      POP DE
000255 0355 3E37             7      LD  A,$37
000257 0357 32BB03          13      LD  (USPAT),A
00025A 035A C31F01          10      JP  MAIN
                                
       035D                     CM0:
00025D 035D 0100C0          10      LD  BC,$C000
000260 0360 CD6C03          17      CALL    CMSUB
000263 0363 010080          10      LD  BC,$8000
000266 0366 CD6C03          17      CALL    CMSUB
000269 0369 010040          10      LD  BC,$4000
       036C                     CMSUB:
00026C 036C 110040          10      LD  DE,$4000
00026F 036F 210010          10      LD  HL,BUFFA
000272 0372 C5              11      PUSH    BC
       0373                     CM1:
000273 0373 EDA2            16      INI
000275 0375 04               4      INC B
000276 0376 03               6      INC BC
000277 0377 1B               6      DEC DE
000278 0378 7A               4      LD  A,D
000279 0379 B3               4      OR  E
00027A 037A 20F7            12      JR  NZ,CM1
00027C 037C C1              10      POP BC
                                
00027D 037D 210010          10      LD  HL,BUFFA
                                
000280 0380 3E08             7      LD  A,8
                                
       0382                     CM2:
000282 0382 08               4      EX  AF,AF'
000283 0383 1619             7      LD  D,25
       0385                     CM3:
000285 0385 1E28             7      LD  E,40
       0387                     CM4:
000287 0387 04               4      INC B
000288 0388 EDA3            16      OUTI
00028A 038A 03               6      INC BC
00028B 038B 1D               4      DEC E
00028C 038C 20F9            12      JR  NZ,CM4
                                
00028E 038E E5              11      PUSH    HL
00028F 038F 21D803          10      LD  HL,$400-40
000292 0392 09              11      ADD HL,BC
000293 0393 4D               4      LD  C,L
000294 0394 44               4      LD  B,H
000295 0395 E1              10      POP HL
000296 0396 1E28             7      LD  E,40
       0398                     CM5:
000298 0398 04               4      INC B
000299 0399 EDA3            16      OUTI
00029B 039B 03               6      INC BC
00029C 039C 1D               4      DEC E
00029D 039D 20F9            12      JR  NZ,CM5
                                
00029F 039F 78               4      LD  A,B
0002A0 03A0 D604             7      SUB 4
0002A2 03A2 47               4      LD  B,A
                                
0002A3 03A3 15               4      DEC D
0002A4 03A4 20DF            12      JR  NZ,CM3
                                
0002A6 03A6 7D               4      LD  A,L
0002A7 03A7 C630             7      ADD A,48
0002A9 03A9 6F               4      LD  L,A
0002AA 03AA 8C               4      ADC A,H
0002AB 03AB 95               4      SUB L
0002AC 03AC 67               4      LD  H,A
                                
0002AD 03AD E5              11      PUSH    HL
0002AE 03AE 211804          10      LD  HL,1048
0002B1 03B1 09              11      ADD HL,BC
0002B2 03B2 4D               4      LD  C,L
0002B3 03B3 44               4      LD  B,H
0002B4 03B4 E1              10      POP HL
                                
0002B5 03B5 08               4      EX  AF,AF'
0002B6 03B6 3D               4      DEC A
0002B7 03B7 20C9            12      JR  NZ,CM2
0002B9 03B9 C9              10      RET
       03BA                     USAGE:
0002BA 03BA AF               4      XOR A
0002BB 03BB 00               4  USPAT:  NOP
0002BC 03BC DA0000          10      JP  C,0
0002BF 03BF 110D04          10      LD  DE,TITLE1
0002C2 03C2 0E09             7      LD  C,9
0002C4 03C4 CD0500          17      CALL    SYSTEM
0002C7 03C7 C30000          10      JP  0
                                
       03CA                     SS1:
0002CA 03CA 13               6      INC DE
       03CB                     _SPSK:
0002CB 03CB 1A               7      LD  A,(DE)
0002CC 03CC FE20             7      CP  $20
0002CE 03CE 28FA            12      JR  Z,SS1
0002D0 03D0 C9              10      RET
                                
       03D1                     _CAP:
0002D1 03D1 FE61             7      CP  "a"
0002D3 03D3 D8              11      RET C
0002D4 03D4 FE7B             7      CP  "z"+1
0002D6 03D6 D0              11      RET NC
0002D7 03D7 D620             7      SUB $20
0002D9 03D9 C9              10      RET
                                
       03DA                     _G1FD0:
0002DA 03DA C5              11      PUSH    BC
0002DB 03DB 0EBF             7      LD  C,$BF
0002DD 03DD 3A0200          13      LD  A,(WBOOT+2)
0002E0 03E0 47               4      LD  B,A
0002E1 03E1 0A               7      LD  A,(BC)
0002E2 03E2 C1              10      POP BC
0002E3 03E3 C9              10      RET
       03E4                     _S1FD0:
0002E4 03E4 C5              11      PUSH    BC
0002E5 03E5 ED4B0100        20      LD  BC,(WBOOT+1)
0002E9 03E9 0EBF             7      LD  C,$BF
0002EB 03EB 02               7      LD  (BC),A
0002EC 03EC 01D01F          10      LD  BC,$1FD0
0002EF 03EF ED79            12      OUT (C),A
0002F1 03F1 C1              10      POP BC
0002F2 03F2 C9              10      RET
                                
       03F3                     TITLE:
0002F3 03F3 6772617068696320        DB  "graphic converter v1.03",$0D,$0A,"$"
            636F6E7665727465    
            722076312E30330D    
            0A24                
       040D                     TITLE1:
00030D 040D 75736167653A0D0A        DB  "usage:",$0D,$0A
000315 0415 20474356205BBDB2        DB  " GCV [½²¯Á]",$0D,$0A
            AFC15D0D0A          
000322 0422 0D                      DB  $0D
000323 0423 092F322034303936        DB  9,"/2 4096 color -> 8 color 200line",$0D,$0A
            20636F6C6F72202D    
            3E203820636F6C6F    
            72203230306C696E    
            650D0A              
000346 0446 092F342034303936        DB  9,"/4 4096 color -> 8 color 400line",$0D,$0A
            20636F6C6F72202D    
            3E203820636F6C6F    
            72203430306C696E    
            650D0A              
000369 0469 092F432034303936        DB  9,"/C 4096 color -> 8 color 400line(Camus)",$0D,$0A
            20636F6C6F72202D    
            3E203820636F6C6F    
            72203430306C696E    
            652843616D757329    
            0D0A                
000393 0493 092F44204465636F        DB  9,"/D Decode",$0D,$0A
            64650D0A            
00039F 049F 092F4520456E636F        DB  9,"/E Encode",$0D,$0A
            64650D0A            
0003AB 04AB 24                      DB  "$"
                                
0003AC 04AC B104                NEXTX1: DW  NEXT1+1
                                
0003AE 04AE 3307                NEXTX2: DW  NEXT2+1
                                
       04B0                     NEXT1:
                                
       0732                     NEXT2:  EQU NEXT1+642
[EOF:GCV.ASM:SHIFT_JIS]
