                                ;*** AILZ80ASM *** Z-80 Assembler, version 1.0.0.0, LST:Full:4
                                ;   UNZIPFIX
                                
       0005                     SYSTEM  EQU 00005H      ;システムコール
       005C                     FCB1    EQU 0005CH      ;1番目の引数のFCB
       006C                     FCB2    EQU 0006CH      ;2番目の引数のFCB
       0080                     DTA1    EQU 00080H
                                
000000 0100                         ORG 00100H
                                
000000 0100 C30301          10      JP  START       ;0C3HはZ80ではJPだが、i8086ではRETなので
       0103                     START:              ;間違えてMS-DOS環境で実行しても即終了できる
000003 0103 219B05          10      LD  HL,TITLE
000006 0106 CD5905          17      CALL    MSX
                                
000009 0109 3A0B00          13      LD  A,(0000BH)
00000C 010C FE01             7      CP  1
00000E 010E 3E03             7      LD  A,3
000010 0110 2812            12      JR  Z,CDOS2     ;CDOS2+CP/Mエミュレータ+MSXEmu
                                
000012 0112 0E6F             7      LD  C,06FH      ;(BDOS) MSX-DOS のバージョン番号の獲得(_DOSVER) *1 MSX-DOS
000014 0114 CD0500          17      CALL    SYSTEM
000017 0117 DA5F05          10      JP  C,SHOW_ERROR_OS ;CP/M等はエラー
00001A 011A 79               4      LD  A,C
00001B 011B D61D             7      SUB 01DH
00001D 011D 2804            12      JR  Z,LSX0
00001F 011F 78               4      LD  A,B
000020 0120 E6FE             7      AND 0FEH        ;MSX-DOSの場合は 0 or 2 になる
000022 0122 3D               4      DEC A
       0123                     LSX0:
000023 0123 3C               4      INC A       ;LSX-Dodgersの場合は 1 にする
       0124                     CDOS2:
000024 0124 32FB05          13      LD  (OS_TYPE),A
                                
000027 0127 3A6C00          13      LD  A,(FCB2)
00002A 012A FE01             7      CP  1
00002C 012C 3006            12      JR  NC,SET_OUT_DRIVE
00002E 012E 0E19             7      LD  C,019H      ;(BDOS) カレントドライブ番号の獲得(_CURDRV) CP/M MSX-DOS
000030 0130 CD0500          17      CALL    SYSTEM
000033 0133 3C               4      INC A
       0134                     SET_OUT_DRIVE:
000034 0134 32FC05          13      LD  (OUT_DRIVE),A
                                
000037 0137 115C00          10      LD  DE,FCB1     ;引数が1つだけの場合はFCB1がそのまま使える
00003A 013A 0E0F             7      LD  C,00FH      ;(BDOS) ファイルのオープン(_FOPEN) CP/M MSX-DOS
00003C 013C CD0500          17      CALL    SYSTEM
00003F 013F B7               4      OR  A
000040 0140 C26805          10      JP  NZ,SHOW_USAGE
                                
000043 0143 210100          10      LD  HL,1
000046 0146 226A00          16      LD  (FCB1+14),HL    ;レコードサイズを1にする
                                
000049 0149 210000          10      LD  HL,0        ;FCB1を使う場合はランダムレコードを初期化する
00004C 014C 227D00          16      LD  (FCB1+33),HL    ;ランダムレコードを0にする
00004F 014F 227F00          16      LD  (FCB1+35),HL
                                
       0152                     LOOP1:
000052 0152 11FF05          10      LD  DE,HEADER   ;データの読み出し先
000055 0155 0E1A             7      LD  C,01AH      ;(BDOS) DTAの設定(_SETDTA) CP/M MSX-DOS
000057 0157 CD0500          17      CALL    SYSTEM
00005A 015A 115C00          10      LD  DE,FCB1
00005D 015D 210400          10      LD  HL,4        ;ZIPのヘッダー
000060 0160 0E27             7      LD  C,027H      ;(BDOS) ランダムブロック読み出し(_RDBLK) MSX-DOS
000062 0162 CD0500          17      CALL    SYSTEM
000065 0165 FEFF             7      CP  0FFH
000067 0167 CABC03          10      JP  Z,EXIT1     ;失敗したら終了
                                                ;ZIPのヘッダーPK 0x3 0x4かチェック
00006A 016A 7C               4      LD  A,H     ;HLに読み込んだサイズ
00006B 016B B5               4      OR  L
00006C 016C CABC03          10      JP  Z,EXIT1
00006F 016F 11F305          10      LD  DE,HEADER_PK12
000072 0172 CD7105          17      CALL    CPHEADER
000075 0175 CA8401          10      JP  Z,PK12
000078 0178 11F705          10      LD  DE,HEADER_PK34
00007B 017B CD7105          17      CALL    CPHEADER
00007E 017E CA6D03          10      JP  Z,SKIP34
000081 0181 C3BC03          10      JP  EXIT1
       0184                     PK12:
000084 0184 115C00          10      LD  DE,FCB1
000087 0187 212A00          10      LD  HL,42       ;ZIPのヘッダー
00008A 018A 0E27             7      LD  C,027H      ;(BDOS) ランダムブロック読み出し(_RDBLK) MSX-DOS
00008C 018C CD0500          17      CALL    SYSTEM
00008F 018F FEFF             7      CP  0FFH
000091 0191 CABC03          10      JP  Z,EXIT1     ;失敗したら終了
                                
000094 0194 115B0A          10      LD  DE,BUFAD
                                
000097 0197 CDEE04          17      CALL    PRTTMS      ;タイムスタンプの表示
                                
00009A 019A 3E20             7      LD  A,020H
00009C 019C CD4C04          17      CALL    MSG_A
                                
00009F 019F 2A1306          16      LD  HL,(HEADER+20)  ;(ZIP12) 非圧縮サイズ
0000A2 01A2 ED5B1506        20      LD  DE,(HEADER+22)
0000A6 01A6 CDF603          17      CALL    PRDEC_DEHL
                                
0000A9 01A9 3E20             7      LD  A,020H
0000AB 01AB CD4C04          17      CALL    MSG_A
                                
0000AE 01AE 112F06          10      LD  DE,PATH     ;データの読み出し先
0000B1 01B1 0E1A             7      LD  C,01AH      ;(BDOS) DTAの設定(_SETDTA) CP/M MSX-DOS
0000B3 01B3 CD0500          17      CALL    SYSTEM
0000B6 01B6 115C00          10      LD  DE,FCB1
0000B9 01B9 2A1706          16      LD  HL,(HEADER+24)  ;(ZIP12) ファイル名の長さ
0000BC 01BC 0E27             7      LD  C,027H      ;(BDOS) ランダムブロック読み出し(_RDBLK) MSX-DOS
0000BE 01BE CD0500          17      CALL    SYSTEM
0000C1 01C1 3C               4      INC A
0000C2 01C2 CABC03          10      JP  Z,EXIT1     ;失敗したら終了
                                
0000C5 01C5 2A1706          16      LD  HL,(HEADER+24)  ;(ZIP12) ファイル名の長さ
0000C8 01C8 112F06          10      LD  DE,PATH
0000CB 01CB 19              11      ADD HL,DE
0000CC 01CC 3600            10      LD  (HL),0
                                
0000CE 01CE 212F06          10      LD  HL,PATH     ;ファイル名を表示する
0000D1 01D1 CD5905          17      CALL    MSX
                                
0000D4 01D4 112E06          10      LD  DE,PATH-1   ;パス区切りが「/」の場合は「\」に置き換える
0000D7 01D7 ED53FD05        20      LD  (PATH_A),DE
       01DB                     FIXPATH1:
0000DB 01DB 13               6      INC DE
0000DC 01DC 1A               7      LD  A,(DE)
0000DD 01DD B7               4      OR  A
0000DE 01DE 280E            12      JR  Z,FIXPATH3
0000E0 01E0 CD7E05          17      CALL    IS_SPLITTER
0000E3 01E3 20F6            12      JR  NZ,FIXPATH1
0000E5 01E5 3E5C             7      LD  A,05CH      ;\
0000E7 01E7 12               7      LD  (DE),A
0000E8 01E8 ED53FD05        20      LD  (PATH_A),DE
0000EC 01EC 18ED            12      JR  FIXPATH1
       01EE                     FIXPATH3:
0000EE 01EE 212F06          10      LD  HL,PATH     ;フルパスを作成
0000F1 01F1 113108          10      LD  DE,FULLPATH+2
0000F4 01F4 ED4B1706        20      LD  BC,(HEADER+24)  ;(ZIP12) ファイル名の長さ
0000F8 01F8 03               6      INC BC
0000F9 01F9 EDB0                    LDIR
                                                ;(LSX-Dodgers/MSX-DOS) タイムスタンプとファイルサイズを設定する
0000FB 01FB 21360A          10      LD  HL,FDRV
0000FE 01FE 0625             7      LD  B,37
000100 0200 AF               4      XOR A
000101 0201 CD8804          17      CALL    FILL_MEMORY
                                
000104 0204 ED5BFD05        20      LD  DE,(PATH_A)
000108 0208 3E3A             7      LD  A,':'
00010A 020A 12               7      LD  (DE),A
00010B 020B 323008          13      LD  (FULLPATH+1),A
00010E 020E 1B               6      DEC DE
00010F 020F 3AFC05          13      LD  A,(OUT_DRIVE)
000112 0212 C640             7      ADD A,040H
000114 0214 12               7      LD  (DE),A
000115 0215 322F08          13      LD  (FULLPATH),A
000118 0218 13               6      INC DE
000119 0219 13               6      INC DE
00011A 021A CD5F04          17      CALL    FILE
       021D                     FOPEN:
00011D 021D 11360A          10      LD  DE,FDRV
000120 0220 3AFC05          13      LD  A,(OUT_DRIVE)
000123 0223 12               7      LD  (DE),A      ;出力先のドライブに切り替える
                                
000124 0224 0E0F             7      LD  C,00FH      ;(BDOS) ファイルのオープン(_FOPEN) CP/M MSX-DOS
000126 0226 CD0500          17      CALL    SYSTEM
000129 0229 3C               4      INC A
00012A 022A CA3603          10      JP  Z,MSXDOS2SUBDIR
       022D                     SET_SIZE:
00012D 022D 210100          10      LD  HL,1
000130 0230 22440A          16      LD  (FDRV+14),HL    ;(FCB) レコードサイズを1にする
                                
000133 0233 210000          10      LD  HL,0
000136 0236 22570A          16      LD  (FDRV+33),HL    ;(FCB) ランダムレコードを0にする
000139 0239 22590A          16      LD  (FDRV+35),HL
                                
00013C 023C 115B0A          10      LD  DE,BUFAD    ;データの読み出し先
00013F 023F 0E1A             7      LD  C,01AH      ;(BDOS) DTAの設定(_SETDTA) CP/M MSX-DOS
000141 0241 CD0500          17      CALL    SYSTEM
000144 0244 11360A          10      LD  DE,FDRV
                                
000147 0247 3AFB05          13      LD  A,(OS_TYPE)
00014A 024A FE01             7      CP  1
00014C 024C 210000          10      LD  HL,0        ;LSX-Dodgersの場合は0バイト書き込む
00014F 024F 2810            12      JR  Z,LSX2
                                
000151 0251 FE03             7      CP  3       ;CDOS2
000153 0253 2845            12      JR  Z,CDOS2_SETFCB
                                
000155 0255 210100          10      LD  HL,1        ;(MSX-DOS1/2) 1バイト読み込んで書き戻す
000158 0258 0E27             7      LD  C,027H      ;(BDOS) ランダムブロック読み出し(_RDBLK) MSX-DOS
00015A 025A CD0500          17      CALL    SYSTEM
00015D 025D AF               4      XOR A
00015E 025E 32570A          13      LD  (FDRV+33),A ;(FCB) ランダムレコードを0に戻す
       0261                     LSX2:
000161 0261 11360A          10      LD  DE,FDRV
000164 0264 0E26             7      LD  C,026H      ;(BDOS) ランダムブロック書き込み(_WRBLK)
000166 0266 CD0500          17      CALL    SYSTEM
000169 0269 3C               4      INC A
00016A 026A CA4303          10      JP  Z,SKIP12
                                                ;(MSX-DOS/MSX-DOS2/LSX-Dodgers) ファイルサイズの補正を行う
00016D 026D 2A1306          16      LD  HL,(HEADER+20)  ;(ZIP12) 非圧縮サイズ
000170 0270 22460A          16      LD  (FDRV+16),HL    ;(FCB) ファイルのサイズ(バイト単位)
000173 0273 2A1506          16      LD  HL,(HEADER+22)  ;(ZIP12) 非圧縮サイズ
000176 0276 22480A          16      LD  (FDRV+18),HL    ;(FCB) ファイルのサイズ(バイト単位)
                                
000179 0279 3AFB05          13      LD  A,(OS_TYPE)
00017C 027C FE02             7      CP  2       ;MSX-DOS2
00017E 027E CA0603          10      JP  Z,FCLOSE
                                                ;(MSX-DOS/LSX-Dodgers) タイムスタンプを設定する
000181 0281 2A0906          16      LD  HL,(HEADER+10)  ;(ZIP12) ファイルの最終変更日付
000184 0284 224A0A          16      LD  (FDRV+20),HL    ;(FCB) 更新年月日
000187 0287 2A0706          16      LD  HL,(HEADER+8)   ;(ZIP12) ファイルの最終変更時間
00018A 028A 224C0A          16      LD  (FDRV+22),HL    ;(FCB) 更新時刻
                                
                                ;   LD  A,(OS_TYPE) ;すでにAにはOS_TYPEが入っている
00018D 028D 3D               4      DEC A
00018E 028E 2076            12      JR  NZ,FCLOSE
                                                ;(LSX-Dodgers) 属性を設定する
000190 0290 CD8705          17      CALL    GET_ATTR
000193 0293 3871            12      JR  C,FCLOSE
000195 0295 32430A          13      LD  (FDRV+13),A ;(FCB) 属性(アトリビュート)
000198 0298 186C            12      JR  FCLOSE
                                
       029A                     CDOS2_SETFCB:           ;(CDOS2)
00019A 029A 010000          10      LD  BC,0
00019D 029D 2A1306          16      LD  HL,(HEADER+20)  ;(ZIP12) 非圧縮サイズ
0001A0 02A0 37               4      SCF
0001A1 02A1 ED42            15      SBC HL,BC
0001A3 02A3 22310A          16      LD  (DECBF),HL
0001A6 02A6 2A1506          16      LD  HL,(HEADER+22)  ;(ZIP12) 非圧縮サイズ
0001A9 02A9 ED42            15      SBC HL,BC
0001AB 02AB 22330A          16      LD  (DECBF+2),HL
0001AE 02AE 3811            12      JR  C,CDOS2_1
                                
0001B0 02B0 2A310A          16      LD  HL,(DECBF)
0001B3 02B3 29              11      ADD HL,HL
0001B4 02B4 EB               4      EX  DE,HL
0001B5 02B5 2A330A          16      LD  HL,(DECBF+2)
0001B8 02B8 ED6A            15      ADC HL,HL
0001BA 02BA 7A               4      LD  A,D
0001BB 02BB 32570A          13      LD  (FDRV+33),A ;(FCB) ランダムレコード
0001BE 02BE 22580A          16      LD  (FDRV+34),HL    ;(FCB) ランダムレコード
       02C1                     CDOS2_1:
0001C1 02C1 11360A          10      LD  DE,FDRV
0001C4 02C4 0E21             7      LD  C,021H      ;(BDOS) ランダムな読み出し(_RDRND) CP/M MSX-DOS
0001C6 02C6 CD0500          17      CALL    SYSTEM
0001C9 02C9 B7               4      OR  A
0001CA 02CA 203A            12      JR  NZ,FCLOSE
                                
0001CC 02CC 11360A          10      LD  DE,FDRV
0001CF 02CF 0E22             7      LD  C,022H      ;(BDOS) ランダムな書き込み(_WRRND) CP/M MSX-DOS
0001D1 02D1 CD0500          17      CALL    SYSTEM
0001D4 02D4 B7               4      OR  A
0001D5 02D5 202F            12      JR  NZ,FCLOSE
                                
0001D7 02D7 2A1306          16      LD  HL,(HEADER+20)  ;(ZIP12) 非圧縮サイズ
0001DA 02DA 7C               4      LD  A,H
0001DB 02DB E603             7      AND 3
0001DD 02DD 67               4      LD  H,A
0001DE 02DE 224A0A          16      LD  (FDRV+20),HL    ;(FCB) 最終クラスタの使用バイト数
0001E1 02E1 224E0A          16      LD  (FDRV+24),HL    ;(FCB) 最終クラスタの使用バイト数
0001E4 02E4 B5               4      OR  L
0001E5 02E5 2A320A          16      LD  HL,(DECBF+1)
0001E8 02E8 CB3C             8      SRL H
0001EA 02EA CB1D             8      RR  L
0001EC 02EC CB3C             8      SRL H
0001EE 02EE CB1D             8      RR  L
0001F0 02F0 010000          10      LD  BC,0
0001F3 02F3 C6FF             7      ADD A,0FFH
0001F5 02F5 ED4A            15      ADC HL,BC
0001F7 02F7 224C0A          16      LD  (FDRV+22),HL    ;(FCB) 使用クラスタ数
                                
0001FA 02FA 2A0906          16      LD  HL,(HEADER+10)  ;(ZIP12) ファイルの最終変更日付
0001FD 02FD 22530A          16      LD  (FDRV+29),HL    ;(FCB) 更新年月日
000200 0300 2A0706          16      LD  HL,(HEADER+8)   ;(ZIP12) ファイルの最終変更時間
000203 0303 22510A          16      LD  (FDRV+27),HL    ;(FCB) 更新時刻
       0306                     FCLOSE:
000206 0306 11360A          10      LD  DE,FDRV
000209 0309 0E10             7      LD  C,010H      ;(BDOS) ファイルのクローズ(_FCLOSE) CP/M MSX-DOS
00020B 030B CD0500          17      CALL    SYSTEM
00020E 030E 3C               4      INC A
00020F 030F 2832            12      JR  Z,SKIP12
                                
000211 0311 3AFB05          13      LD  A,(OS_TYPE)
000214 0314 FE02             7      CP  2
000216 0316 202B            12      JR  NZ,SKIP12
                                                ;(MSX-DOS2) タイムスタンプを設定する
000218 0318 ED5BFD05        20      LD  DE,(PATH_A)
00021C 031C 1B               6      DEC DE
00021D 031D 2A0906          16      LD  HL,(HEADER+10)  ;(ZIP12) ファイルの最終変更日付
000220 0320 DD2A0706        20      LD  IX,(HEADER+8)   ;(ZIP12) ファイルの最終変更時間
000224 0324 0E51             7      LD  C,051H      ;(BDOS) ファイルの日付および時刻の獲得・セット(_FTIME) MSX-DOS2
000226 0326 3E01             7      LD  A,1
000228 0328 CD0500          17      CALL    SYSTEM
00022B 032B B7               4      OR  A
00022C 032C 2008            12      JR  NZ,MSXDOS2SUBDIR
                                                ;(MSX-DOS2) 属性を設定する
00022E 032E ED5BFD05        20      LD  DE,(PATH_A)
000232 0332 1B               6      DEC DE
000233 0333 CDC703          17      CALL    MSXDOS2
       0336                     MSXDOS2SUBDIR:
000236 0336 3AFB05          13      LD  A,(OS_TYPE)
000239 0339 FE02             7      CP  2
00023B 033B 2006            12      JR  NZ,SKIP12
00023D 033D 112F08          10      LD  DE,FULLPATH
000240 0340 CDC703          17      CALL    MSXDOS2
                                                ;次のヘッダーまでランダムレコードを移動する
       0343                     SKIP12:
000243 0343 AF               4      XOR A
000244 0344 2A7D00          16      LD  HL,(FCB1+33)    ;(FCB) ランダムレコード
000247 0347 ED5B1906        20      LD  DE,(HEADER+26)  ;(ZIP34) 拡張フィールドの長さ
00024B 034B 19              11      ADD HL,DE
00024C 034C 8F               4      ADC A,A
00024D 034D ED5B1B06        20      LD  DE,(HEADER+28)  ;(ZIP34) コメントの長さ
000251 0351 19              11      ADD HL,DE
000252 0352 227D00          16      LD  (FCB1+33),HL    ;(FCB) ランダムレコード
                                
000255 0355 2A7F00          16      LD  HL,(FCB1+35)    ;(FCB) ランダムレコード
000258 0358 5F               4      LD  E,A
000259 0359 1600             7      LD  D,0
00025B 035B ED5A            15      ADC HL,DE
00025D 035D 227F00          16      LD  (FCB1+35),HL    ;(FCB) ランダムレコード
                                
000260 0360 3E0D             7      LD  A,00DH
000262 0362 CD4C04          17      CALL    MSG_A
000265 0365 3E0A             7      LD  A,00AH
000267 0367 CD4C04          17      CALL    MSG_A
00026A 036A C35201          10      JP  LOOP1
                                
       036D                     SKIP34:
00026D 036D 11FF05          10      LD  DE,HEADER   ;データの読み出し先
000270 0370 0E1A             7      LD  C,01AH      ;(BDOS) DTAの設定(_SETDTA) CP/M MSX-DOS
000272 0372 CD0500          17      CALL    SYSTEM
000275 0375 115C00          10      LD  DE,FCB1
000278 0378 211A00          10      LD  HL,26       ;ZIPのヘッダー
00027B 037B 0E27             7      LD  C,027H      ;(BDOS) ランダムブロック読み出し(_RDBLK) MSX-DOS
00027D 037D CD0500          17      CALL    SYSTEM
000280 0380 FEFF             7      CP  0FFH
000282 0382 CABC03          10      JP  Z,EXIT1     ;失敗したら終了
                                
000285 0385 AF               4      XOR A
000286 0386 2A7D00          16      LD  HL,(FCB1+33)    ;(FCB) ランダムレコード
000289 0389 ED5B1506        20      LD  DE,(HEADER+22)  ;(ZIP34) ファイル名の長さ
00028D 038D 19              11      ADD HL,DE
00028E 038E 8F               4      ADC A,A
00028F 038F ED5B1706        20      LD  DE,(HEADER+24)  ;(ZIP34) 拡張フィールドの長さ
000293 0393 19              11      ADD HL,DE
000294 0394 227D00          16      LD  (FCB1+33),HL    ;(FCB) ランダムレコード
                                
000297 0397 2A7F00          16      LD  HL,(FCB1+35)    ;(FCB) ランダムレコード
00029A 039A 5F               4      LD  E,A
00029B 039B 1600             7      LD  D,0
00029D 039D ED5A            15      ADC HL,DE
00029F 039F 227F00          16      LD  (FCB1+35),HL    ;(FCB) ランダムレコード
                                
0002A2 03A2 ED5B0D06        20      LD  DE,(HEADER+14)  ;(ZIP34) 圧縮サイズ
0002A6 03A6 2A7D00          16      LD  HL,(FCB1+33)    ;(FCB) ランダムレコード
0002A9 03A9 19              11      ADD HL,DE
0002AA 03AA 227D00          16      LD  (FCB1+33),HL    ;(FCB) ランダムレコード
                                
0002AD 03AD ED5B0F06        20      LD  DE,(HEADER+16)  ;(ZIP34) 圧縮サイズ
0002B1 03B1 2A7F00          16      LD  HL,(FCB1+35)    ;(FCB) ランダムレコード
0002B4 03B4 ED5A            15      ADC HL,DE
0002B6 03B6 227F00          16      LD  (FCB1+35),HL    ;(FCB) ランダムレコード
                                
0002B9 03B9 C35201          10      JP  LOOP1
       03BC                     EXIT1:
0002BC 03BC 115C00          10      LD  DE,FCB1
0002BF 03BF 0E10             7      LD  C,010H      ;(BDOS) ファイルのクローズ(_FCLOSE) CP/M MSX-DOS
0002C1 03C1 CD0500          17      CALL    SYSTEM
0002C4 03C4 C30000          10      JP  0       ;プログラム終了
                                
                                                ;(MSX-DOS2) 属性を設定する
       03C7                     MSXDOS2:
0002C7 03C7 AF               4      XOR A       ;オープンモード
0002C8 03C8 0E43             7      LD  C,043H      ;(BDOS) ファイルハンドルのオープン(_OPEN) MSX-DOS2
0002CA 03CA CD0500          17      CALL    SYSTEM
0002CD 03CD B7               4      OR  A
0002CE 03CE C0              11      RET NZ
                                
0002CF 03CF 2A0906          16      LD  HL,(HEADER+10)  ;(ZIP12) ファイルの最終変更日付
0002D2 03D2 DD2A0706        20      LD  IX,(HEADER+8)   ;(ZIP12) ファイルの最終変更時間
0002D6 03D6 3E01             7      LD  A,1
0002D8 03D8 C5              11      PUSH    BC
0002D9 03D9 0E56             7      LD  C,056H      ;(BDOS) ファイルハンドルの日付および時刻の獲得・セット(_HFTIME ) MSX-DOS2
0002DB 03DB CD0500          17      CALL    SYSTEM
0002DE 03DE C1              10      POP BC
0002DF 03DF B7               4      OR  A
0002E0 03E0 200F            12      JR  NZ,MSXDDOS2CLOSE
                                                ;(MSX-DOS2) 属性を設定する
0002E2 03E2 CD8705          17      CALL    GET_ATTR
0002E5 03E5 380A            12      JR  C,MSXDDOS2CLOSE
0002E7 03E7 6F               4      LD  L,A
0002E8 03E8 3E01             7      LD  A,1
0002EA 03EA C5              11      PUSH    BC
0002EB 03EB 0E55             7      LD  C,055H      ;(BDOS) ファイルハンドルの属性の獲得・セット(_HATTR) MSX-DOS2
0002ED 03ED CD0500          17      CALL    SYSTEM
0002F0 03F0 C1              10      POP BC
       03F1                     MSXDDOS2CLOSE:
0002F1 03F1 0E45             7      LD  C,045H      ;(BDOS) ファイルハンドルのクローズ(_CLOSE) MSX-DOS2
0002F3 03F3 C30500          10      JP  SYSTEM
                                
       03F6                     PRDEC_DEHL:
0002F6 03F6 3E02             7      LD  A,2
0002F8 03F8 324104          13      LD  (DEC6+1),A
0002FB 03FB AF               4      XOR A
0002FC 03FC E5              11      PUSH    HL
0002FD 03FD 21310A          10      LD  HL,DECBF
000300 0400 0605             7      LD  B,5
000302 0402 CD8804          17      CALL    FILL_MEMORY
000305 0405 E1              10      POP HL
                                
000306 0406 0E20             7      LD  C,32
       0408                     DEC1:
000308 0408 29              11      ADD HL,HL
000309 0409 EB               4      EX  DE,HL
00030A 040A ED6A            15      ADC HL,HL
00030C 040C EB               4      EX  DE,HL
00030D 040D E5              11      PUSH    HL
00030E 040E 21350A          10      LD  HL,DECBF+4
000311 0411 0605             7      LD  B,5
       0413                     DEC2:
000313 0413 7E               7      LD  A,(HL)
000314 0414 8F               4      ADC A,A
000315 0415 27               4      DAA
000316 0416 77               7      LD  (HL),A
000317 0417 2B               6      DEC HL
000318 0418 10F9            13      DJNZ    DEC2
00031A 041A E1              10      POP HL
00031B 041B 0D               4      DEC C
00031C 041C 20EA            12      JR  NZ,DEC1
                                
00031E 041E 21310A          10      LD  HL,DECBF
000321 0421 3E20             7      LD  A,020H
000323 0423 0604             7      LD  B,4
       0425                     DEC3:
000325 0425 CD3204          17      CALL    DEC4
000328 0428 CD3204          17      CALL    DEC4
00032B 042B 23               6      INC HL
00032C 042C 10F7            13      DJNZ    DEC3
       042E                     DECX:
00032E 042E CD3204          17      CALL    DEC4
000331 0431 AF               4      XOR A
       0432                     DEC4:
000332 0432 ED6F            18      RLD
000334 0434 FE20             7      CP  020H
000336 0436 2808            12      JR  Z,DEC6
000338 0438 F630             7      OR  030H
       043A                     DEC5:
00033A 043A 1810            12      JR  MSG_A
       043C                     DEC7:
00033C 043C 3E20             7      LD  A,020H
00033E 043E 180C            12      JR  MSG_A
       0440                     DEC6:
000340 0440 3E02             7      LD  A,2
000342 0442 B7               4      OR  A
000343 0443 28F7            12      JR  Z,DEC7
000345 0445 3D               4      DEC A
000346 0446 324104          13      LD  (DEC6+1),A
000349 0449 3E20             7      LD  A,020H
00034B 044B C9              10      RET
                                
       044C                     MSG_A:
00034C 044C F5              11      PUSH    AF
00034D 044D C5              11      PUSH    BC
00034E 044E D5              11      PUSH    DE
00034F 044F E5              11      PUSH    HL
000350 0450 DDE5            15      PUSH    IX
000352 0452 5F               4      LD  E,A
000353 0453 0E02             7      LD  C,2
000355 0455 CD0500          17      CALL    SYSTEM
000358 0458 DDE1            14      POP IX
00035A 045A E1              10      POP HL
00035B 045B D1              10      POP DE
00035C 045C C1              10      POP BC
00035D 045D F1              10      POP AF
00035E 045E C9              10      RET
                                
       045F                     FILE:
00035F 045F CD8D04          17      CALL    FILEI
                                
000362 0462 0608             7      LD  B,8
       0464                     FILE2:
000364 0464 CD9B04          17      CALL    CCHKF
000367 0467 C8              11      RET Z
000368 0468 FE2E             7      CP  '.'
00036A 046A 280C            12      JR  Z,FILE4
00036C 046C 77               7      LD  (HL),A
00036D 046D 23               6      INC HL
00036E 046E 10F4            13      DJNZ    FILE2
                                
       0470                     FILE3:
000370 0470 CD9B04          17      CALL    CCHKF
000373 0473 C8              11      RET Z
000374 0474 FE2E             7      CP  '.'
000376 0476 20F8            12      JR  NZ,FILE3
                                
       0478                     FILE4:
000378 0478 213F0A          10      LD  HL,FNAME+8
00037B 047B 0603             7      LD  B,3
                                
       047D                     FILE4L:
00037D 047D CD9B04          17      CALL    CCHKF
000380 0480 C8              11      RET Z
000381 0481 77               7      LD  (HL),A
000382 0482 23               6      INC HL
000383 0483 10F8            13      DJNZ    FILE4L
000385 0485 C9              10      RET
                                
       0486                     FILE10:
000386 0486 3E3F             7      LD  A,'?'
                                
       0488                     FILL_MEMORY:                ;HLからBバイトAで埋める
000388 0488 77               7      LD  (HL),A
000389 0489 23               6      INC HL
00038A 048A 10FC            13      DJNZ    FILL_MEMORY
00038C 048C C9              10      RET
                                
       048D                     FILEI:              ;名前＋拡張子をスペースで初期化
00038D 048D 3E20             7      LD  A,020H
00038F 048F 01000B          10      LD  BC,11*256
000392 0492 21370A          10      LD  HL,FNAME
000395 0495 E5              11      PUSH    HL
000396 0496 CD8804          17      CALL    FILL_MEMORY
000399 0499 E1              10      POP HL
00039A 049A C9              10      RET
                                
       049B                     CCHKF:
00039B 049B 1A               7      LD  A,(DE)
00039C 049C CDA304          17      CALL    CCHK2
00039F 049F C8              11      RET Z
0003A0 04A0 C3D604          10      JP  FKAN
                                
       04A3                     CCHK2:
0003A3 04A3 0C               4      INC C
0003A4 04A4 0D               4      DEC C
0003A5 04A5 C0              11      RET NZ
       04A6                     CCHK3:              ;ZF=1 で使えない文字
0003A6 04A6 FE2B             7      CP  '+'
0003A8 04A8 C8              11      RET Z
0003A9 04A9 FE2C             7      CP  ','
0003AB 04AB C8              11      RET Z
0003AC 04AC FE2F             7      CP  '/'
0003AE 04AE C8              11      RET Z
0003AF 04AF FE3A             7      CP  ':'
0003B1 04B1 C8              11      RET Z
0003B2 04B2 FE3B             7      CP  ';'
0003B4 04B4 C8              11      RET Z
0003B5 04B5 FE3D             7      CP  '='
0003B7 04B7 C8              11      RET Z
0003B8 04B8 FE5C             7      CP  05CH    ;\
0003BA 04BA C8              11      RET Z
0003BB 04BB FE20             7      CP  020H
0003BD 04BD D0              11      RET NC
0003BE 04BE BF               4      CP  A       ;Z=1
0003BF 04BF C9              10      RET
                                
       04C0                     TOZERO:
0003C0 04C0 D5              11      PUSH    DE
       04C1                     TZ1:
0003C1 04C1 1A               7      LD  A,(DE)
0003C2 04C2 FE20             7      CP  20H
0003C4 04C4 3803            12      JR  C,TZ2
0003C6 04C6 13               6      INC DE
0003C7 04C7 18F8            12      JR  TZ1
       04C9                     TZ2:
0003C9 04C9 AF               4      XOR A
0003CA 04CA 12               7      LD  (DE),A
0003CB 04CB D1              10      POP DE
0003CC 04CC C9              10      RET
                                
       04CD                     CAP:
0003CD 04CD FE61             7      CP  'a'
0003CF 04CF D8              11      RET C
0003D0 04D0 FE7B             7      CP  'z'+1
0003D2 04D2 D0              11      RET NC
0003D3 04D3 D620             7      SUB 020H
0003D5 04D5 C9              10      RET
                                
       04D6                     FKAN:           ;漢字チェック
0003D6 04D6 CB41             8      BIT 0,C
0003D8 04D8 CCCD04          17      CALL    Z,CAP
                                
0003DB 04DB 13               6      INC DE
       04DC                     FKANX:
0003DC 04DC CB41             8      BIT 0,C
0003DE 04DE CB81             8      RES 0,C
0003E0 04E0 C0              11      RET NZ
0003E1 04E1 FE80             7      CP  080H
0003E3 04E3 D8              11      RET C
0003E4 04E4 FEA0             7      CP  0A0H
0003E6 04E6 3803            12      JR  C,FKAN1
0003E8 04E8 FEE0             7      CP  0E0H
0003EA 04EA D8              11      RET C
       04EB                     FKAN1:
0003EB 04EB 0C               4      INC C
0003EC 04EC A7               4      AND A
0003ED 04ED C9              10      RET
                                
       04EE                     PRTTMS:
0003EE 04EE 2A0906          16      LD  HL,(HEADER+10)  ;(ZIP12) ファイルの最終変更日付
0003F1 04F1 7D               4      LD  A,L
0003F2 04F2 CB3C             8      SRL H
0003F4 04F4 17               4      RLA
0003F5 04F5 17               4      RLA
0003F6 04F6 17               4      RLA
0003F7 04F7 17               4      RLA
0003F8 04F8 E60F             7      AND 00FH
0003FA 04FA 57               4      LD  D,A
0003FB 04FB 7C               4      LD  A,H
0003FC 04FC C650             7      ADD A,80
0003FE 04FE CD4105          17      CALL    PRDEC_A
000401 0501 3E2D             7      LD  A,'-'
000403 0503 CD4C04          17      CALL    MSG_A
000406 0506 7A               4      LD  A,D
000407 0507 CD4105          17      CALL    PRDEC_A
00040A 050A 3E2D             7      LD  A,'-'
00040C 050C CD4C04          17      CALL    MSG_A
00040F 050F 7D               4      LD  A,L
000410 0510 E61F             7      AND 01FH
000412 0512 CD4105          17      CALL    PRDEC_A
                                
000415 0515 2A0706          16      LD  HL,(HEADER+8)   ;(ZIP12) ファイルの最終変更時間
000418 0518 3E20             7      LD  A,020H
00041A 051A CD4C04          17      CALL    MSG_A
00041D 051D 7C               4      LD  A,H
00041E 051E 65               4      LD  H,L
00041F 051F 0603             7      LD  B,3
       0521                     PRTTMS1:
000421 0521 1F               4      RRA
000422 0522 CB1D             8      RR  L
000424 0524 10FB            13      DJNZ    PRTTMS1
000426 0526 E61F             7      AND 01FH
000428 0528 CD4105          17      CALL    PRDEC_A
00042B 052B 3E3A             7      LD  A,':'
00042D 052D CD4C04          17      CALL    MSG_A
000430 0530 7D               4      LD  A,L
000431 0531 0F               4      RRCA
000432 0532 0F               4      RRCA
000433 0533 E63F             7      AND 03FH
000435 0535 CD4105          17      CALL    PRDEC_A
000438 0538 3E3A             7      LD  A,':'
00043A 053A CD4C04          17      CALL    MSG_A
00043D 053D 7C               4      LD  A,H
00043E 053E E61F             7      AND 01FH
000440 0540 87               4      ADD A,A
                                
                                ;   PRINT10
                                
       0541                     PRDEC_A:
000441 0541 E5              11      PUSH    HL
000442 0542 0608             7      LD  B,8
000444 0544 4F               4      LD  C,A
000445 0545 AF               4      XOR A
       0546                     PRTA1:
000446 0546 CB01             4      RLC C
000448 0548 8F               4      ADC A,A
000449 0549 27               4      DAA
00044A 054A 10FA            13      DJNZ    PRTA1
00044C 054C 21310A          10      LD  HL,DECBF
00044F 054F 77               7      LD  (HL),A
000450 0550 AF               4      XOR A
000451 0551 CD2E04          17      CALL    DECX
000454 0554 E1              10      POP HL
000455 0555 C9              10      RET
                                
       0556                     MSX1:
000456 0556 CD4C04          17      CALL    MSG_A
       0559                     MSX:
000459 0559 7E               7      LD  A,(HL)
00045A 055A 23               6      INC HL
00045B 055B B7               4      OR  A
00045C 055C 20F8            12      JR  NZ,MSX1
00045E 055E C9              10      RET
                                
       055F                     SHOW_ERROR_OS:
00045F 055F 21AC05          10      LD  HL,ERROR_OS
000462 0562 CD5905          17      CALL    MSX
000465 0565 C30000          10      JP  0
       0568                     SHOW_USAGE:
000468 0568 21CF05          10      LD  HL,USAGE
00046B 056B CD5905          17      CALL    MSX
00046E 056E C30000          10      JP  0
                                
       0571                     CPHEADER:
000471 0571 21FF05          10      LD  HL,HEADER
000474 0574 0604             7      LD  B,4
       0576                     CPSTRN:
000476 0576 1A               7      LD  A,(DE)
000477 0577 13               6      INC DE
000478 0578 BE               7      CP  (HL)
000479 0579 C0              11      RET NZ
00047A 057A 23               6      INC HL
00047B 057B 10F9            13      DJNZ    CPSTRN
00047D 057D C9              10      RET
                                
       057E                     IS_SPLITTER:
00047E 057E FE2F             7      CP  '/'
000480 0580 C8              11      RET Z
000481 0581 FE3A             7      CP  ':'
000483 0583 C8              11      RET Z
000484 0584 FE5C             7      CP  05CH    ;\
000486 0586 C9              10      RET
                                
       0587                     GET_ATTR:
000487 0587 3A0106          13      LD  A,(HEADER+2)    ;(ZIP12)ZIPファイル製作を行ったOS
00048A 058A FE0E             7      CP  14      ;VFAT
00048C 058C 2807            12      JR  Z,ATTR
00048E 058E FE0A             7      CP  10      ;Windows NTFS
000490 0590 2803            12      JR  Z,ATTR
000492 0592 B7               4      OR  A       ;MS-DOS
000493 0593 37               4      SCF
000494 0594 C0              11      RET NZ
       0595                     ATTR:
000495 0595 3A2106          13      LD  A,(HEADER+34)   ;(ZIP12) ファイルの属性
000498 0598 E627             7      AND 027H        ;A--SHR
00049A 059A C9              10      RET
                                
       059B                     TITLE:
00049B 059B 554E5A4950464958        DB  "UNZIPFIX v1.22", 00DH, 00AH, 0
            2076312E32320D0A    
            00                  
       05AC                     ERROR_OS:
0004AC 05AC 4C53582D446F6467        DB  "LSX-Dodgers or MSX-DOS required.", 00DH, 00AH, 0
            657273206F72204D    
            53582D444F532072    
            657175697265642E    
            0D0A00              
       05CF                     USAGE:
0004CF 05CF 75736167653A2055        DB  "usage: UNZIPFIX filename [drive:]", 00DH, 00AH, 0
            4E5A495046495820    
            66696C656E616D65    
            205B64726976653A    
            5D0D0A00            
       05F3                     HEADER_PK12:
0004F3 05F3 504B0102                DB  "PK",1,2
       05F7                     HEADER_PK34:
0004F7 05F7 504B0304                DB  "PK",3,4
                                
       05FB                     OS_TYPE:        ;0:MSX-DOS1  1:LSX-Dodgers  2:MSX-DOS2  3:CDOS2
       05FB                         DS  1
       05FC                     OUT_DRIVE:
       05FC                         DS  1
       05FD                     PATH_A:
       05FD                         DS  2
       05FF                     HEADER:
       05FF                         DS  4
       0603                     HEADER1:
       0603                         DS  42
                                
       062D                     DRV_PATH:
       062D                         DS  2
       062F                     PATH:
       062F                         DS  512
       082F                     FULLPATH:
       082F                         DS  514
       0A31                     DECBF:
       0A31                         DS  5
       0A36                     FDRV:
       0A36                         DS  37
       0A37                     FNAME   EQU FDRV+1
                                
       0A5B                     BUFAD:
[EOF:UNZIPFIX.ASM:SHIFT_JIS]
