                                ;*** AILZ80ASM *** Z-80 Assembler, version 1.0.21.0, LST:Full:4
                                ;
                                ; S-OS Disk Driver Gaku
                                ;
                                ; S-OS の2D/320KBのディスクの読み込みを可能にするドライバー
                                ;
                                ;
       0005                     SYSTEM  EQU $0005
       005C                     FCB1    EQU $005C
       006C                     FCB2    EQU $006C
       0080                     DTA1    EQU $0080
                                
       007C                     _FATBF  EQU $7C
       007E                     _DTBUF  EQU $7E
       00A2                     _WTFATF EQU $A2
       00EB                     _FDRD   EQU $EB
       00EE                     _FDWT   EQU $EE
       00FA                     _SNCL   EQU $FA
                                
       0002                     DPB_DRD EQU $02
       0004                     DPB_DWT EQU $04
       001C                     DPB_NAME    EQU $1C
                                
       0000                     DRIVER  EQU $0000
                                
       000B                     BPB_BytsPerSec  EQU 11
                                
000000 0100                         ORG $0100
000000 0100 C30301          10      JP  START       ;0C3HはZ80ではJPだが、i8086ではRETなので
       0103                     START:              ;間違えてMS-DOS環境で実行しても即終了できる
000003 0103 118B01          10      LD  DE,MSG_TITLE
000006 0106 0E09             7      LD  C,9     ;STROUT 文字列出力 CP/M
000008 0108 CD0500          17      CALL    SYSTEM
                                
00000B 010B 2A0600          16      LD  HL,(SYSTEM+1)
00000E 010E 119701          10      LD  DE,BPB_SOS2D_E-BDOS_
000011 0111 A7               4      AND A
000012 0112 ED52            15      SBC HL,DE
000014 0114 F9               6      LD  SP,HL
000015 0115 5D               4      LD  E,L     ;DE=常駐先頭アドレス
000016 0116 54               4      LD  D,H
                                                ;システムコールを差し替える
000017 0117 2A0600          16      LD  HL,(SYSTEM+1)
00001A 011A 22C401          16      LD  (DRIVER_+BDOS_SWC),HL
                                
00001D 011D 210000          10      LD  HL,BDOS_
000020 0120 19              11      ADD HL,DE
000021 0121 220600          16      LD  (SYSTEM+1),HL
                                                ;ドライバーを差し替える
000024 0124 3A0200          13      LD  A,(2)
000027 0127 323801          13      LD  (FDRD_SWC1),A
00002A 012A 324201          13      LD  (FDRD_SWC2),A
00002D 012D 324501          13      LD  (FDWT_SWC1),A
000030 0130 324F01          13      LD  (FDWT_SWC2),A
000033 0133 325202          13      LD  (DRIVER_+SNCL_SWC),A
                                
000036 0136 2AEC00          16      LD  HL,(_FDRD+1)
       0138                     FDRD_SWC1   EQU $-1
000039 0139 22D201          16      LD  (DRIVER_+DRD_SWC),HL
                                
00003C 013C 210C00          10      LD  HL,_DRD
00003F 013F 19              11      ADD HL,DE
000040 0140 22EC00          16      LD  (_FDRD+1),HL
       0142                     FDRD_SWC2   EQU $-1
                                
000043 0143 2AEF00          16      LD  HL,(_FDWT+1)
       0145                     FDWT_SWC1   EQU $-1
000046 0146 22CB01          16      LD  (DRIVER_+DWT_SWC),HL
000049 0149 210300          10      LD  HL,_DWT
00004C 014C 19              11      ADD HL,DE
00004D 014D 22EF00          16      LD  (_FDWT+1),HL
       014F                     FDWT_SWC2   EQU $-1
                                                ;リロケータブル関連を書き換える
000050 0150 217B01          10      LD  HL,BPB_SOS2D
000053 0153 19              11      ADD HL,DE
000054 0154 220C02          16      LD  (DRIVER_+BPB_SOS2D_SWC),HL
                                
000057 0157 215D01          10      LD  HL,DIR_NEXT
00005A 015A 19              11      ADD HL,DE
00005B 015B 229302          16      LD  (DRIVER_+DIR_NEXT_SWC),HL
                                
00005E 015E 216D01          10      LD  HL,BCD
000061 0161 19              11      ADD HL,DE
000062 0162 22D502          16      LD  (DRIVER_+BCD_SWC1),HL
000065 0165 22DE02          16      LD  (DRIVER_+BCD_SWC2),HL
000068 0168 22E802          16      LD  (DRIVER_+BCD_SWC3),HL
00006B 016B 22FC02          16      LD  (DRIVER_+BCD_SWC4),HL
00006E 016E 220403          16      LD  (DRIVER_+BCD_SWC5),HL
                                
000071 0171 21C700          10      LD  HL,RDE1
000074 0174 19              11      ADD HL,DE
000075 0175 222803          16      LD  (DRIVER_+RDE1_SWC),HL
                                                    ;常駐プログラムの転送
000078 0178 21C301          10      LD  HL,DRIVER_
00007B 017B 019701          10      LD  BC,BPB_SOS2D_E-BDOS_
00007E 017E EDB0                    LDIR
                                                    ;常駐完了
000080 0180 119B01          10      LD  DE,MSG_INSTALLED
000083 0183 0E09             7      LD  C,9     ;STROUT 文字列出力 CP/M
000085 0185 CD0500          17      CALL    SYSTEM
000088 0188 C30000          10      JP  0
       018B                     MSG_TITLE:
00008B 018B 736F736469736B20        DB  "sosdisk v1.01"
            76312E3031          
000098 0198 0D0A                    DB  $0D,$0A
00009A 019A 24                      DB  '$'
       019B                     MSG_INSTALLED:
00009B 019B 496E7374616C6C65        DB  "Installed."
            642E                
0000A5 01A5 0D0A                    DB  $0D,$0A
0000A7 01A7 532D4F5320646973        DB  "S-OS disks are read-only."
            6B73206172652072    
            6561642D6F6E6C79    
            2E                  
0000C0 01C0 0D0A                    DB  $0D,$0A
0000C2 01C2 24                      DB  '$'
                                
       01C3                     DRIVER_:
0000C3 0000                         ORG DRIVER,DRIVER_-$0100    ;$PHASE
       0000                     BDOS_:
0000C3 0000 C30000          10      JP  0
       0001                     BDOS_SWC    EQU $-2
       0003                     _DWT:
0000C6 0003 DDCB1E6E        20      BIT 5,(IX+DPB_NAME+2)
0000CA 0007 CAEE00          10      JP  Z,_FDWT
       0008                     DWT_SWC EQU $-2
0000CD 000A 37               4      SCF
0000CE 000B C9              10      RET
                                
       000C                     _DRD:
0000CF 000C D5              11      PUSH    DE
0000D0 000D C5              11      PUSH    BC
0000D1 000E CDEB00          17      CALL    _FDRD
       000F                     DRD_SWC EQU $-2
0000D4 0011 79               4      LD  A,C
0000D5 0012 C1              10      POP BC
0000D6 0013 05               4      DEC B
0000D7 0014 C1              10      POP BC
0000D8 0015 D8              11      RET C   ;エラー
0000D9 0016 C0              11      RET NZ  ;読み込みセクタ数が1じゃない
                                
0000DA 0017 78               4      LD  A,B
0000DB 0018 B7               4      OR  A
0000DC 0019 C0              11      RET NZ  ;BPB/FAT/RDEだけが対象
                                
0000DD 001A 79               4      LD  A,C
0000DE 001B B7               4      OR  A
0000DF 001C 203A            12      JR  NZ,FAT
                                            ;BPB
0000E1 001E DDCB1EAE        23      RES 5,(IX+DPB_NAME+2)
0000E5 0022 E5              11      PUSH    HL  ;読み込んだアドレスが_FATBFかチェック
0000E6 0023 7C               4      LD  A,H
0000E7 0024 3D               4      DEC A
0000E8 0025 2A0100          16      LD  HL,(1)
0000EB 0028 2E7D             7      LD  L,_FATBF+1
0000ED 002A 24               4      INC H
0000EE 002B BE               7      CP  (HL)
0000EF 002C E1              10      POP HL
0000F0 002D 37               4      SCF     ;ZFを保ったまま
0000F1 002E 3F               4      CCF     ;CFをクリア
0000F2 002F C0              11      RET NZ
                                            ;BPBが正しいか確認
0000F3 0030 E5              11      PUSH    HL
0000F4 0031 010BFF          10      LD  BC,BPB_BytsPerSec-$0100
0000F7 0034 09              11      ADD HL,BC
0000F8 0035 7E               7      LD  A,(HL)
0000F9 0036 E1              10      POP HL
0000FA 0037 FE01             7      CP  1
0000FC 0039 C8              11      RET Z
                                            ;2Dの変則フォーマットを判別
0000FD 003A E5              11      PUSH    HL
0000FE 003B 0120FF          10      LD  BC,$20-$0100
000101 003E 09              11      ADD HL,BC
000102 003F 7E               7      LD  A,(HL)
000103 0040 E1              10      POP HL
000104 0041 FE21             7      CP  $21
000106 0043 C8              11      RET Z
                                            ;S-OS向けのBPBに差し替える
000107 0044 E5              11      PUSH    HL
000108 0045 25               4      DEC H
000109 0046 D5              11      PUSH    DE
00010A 0047 EB               4      EX  DE,HL
00010B 0048 217B01          10      LD  HL,BPB_SOS2D
       0049                     BPB_SOS2D_SWC   EQU $-2
00010E 004B 011C00          10      LD  BC,BPB_SOS2D_E-BPB_SOS2D
000111 004E EDB0                    LDIR
000113 0050 D1              10      POP DE
000114 0051 E1              10      POP HL
000115 0052 DDCB1EEE        23      SET 5,(IX+DPB_NAME+2)
000119 0056 AF               4      XOR A   ;念のためにCF=0
00011A 0057 C9              10      RET
       0058                     FAT:
                                            ;S-OSフォーマットかフラグで確認
00011B 0058 DDCB1E6E        20      BIT 5,(IX+DPB_NAME+2)
00011F 005C C8              11      RET Z
                                
000120 005D 79               4      LD  A,C
000121 005E FE0E             7      CP  14  ;FATのクラスタ番号
000123 0060 203E            12      JR  NZ,RDE
                                            ;FAT
000125 0062 E5              11      PUSH    HL  ;読み込んだアドレスが_FATBFかチェック
000126 0063 7C               4      LD  A,H
000127 0064 3D               4      DEC A
000128 0065 2A0100          16      LD  HL,(1)
00012B 0068 2E7D             7      LD  L,_FATBF+1
00012D 006A 24               4      INC H
00012E 006B BE               7      CP  (HL)
00012F 006C E1              10      POP HL
000130 006D 37               4      SCF     ;ZFを保ったまま
000131 006E 3F               4      CCF     ;CFをクリア
000132 006F C0              11      RET NZ
                                            ;S-OSのFATをMS-DOSのFATに変換する
000133 0070 D5              11      PUSH    DE
000134 0071 E5              11      PUSH    HL
000135 0072 114F00          10      LD  DE,79
       0075                     FAT1:
000138 0075 2A0100          16      LD  HL,(1)
00013B 0078 2E7C             7      LD  L,_FATBF
00013D 007A 24               4      INC H
00013E 007B 7E               7      LD  A,(HL)
00013F 007C 23               6      INC HL
000140 007D 66               7      LD  H,(HL)
000141 007E 6F               4      LD  L,A
000142 007F 19              11      ADD HL,DE
000143 0080 7E               7      LD  A,(HL)      ;S-OSのFAT
000144 0081 CB7F             8      BIT 7,A
000146 0083 2004            12      JR  NZ,FAT_EOF
000148 0085 6F               4      LD  L,A
000149 0086 62               4      LD  H,D     ;D=0
00014A 0087 1803            12      JR  FAT_OK
       0089                     FAT_EOF:
00014C 0089 21FFFF          10      LD  HL,$FFFF    ;EOF
       008C                     FAT_OK:
00014F 008C D5              11      PUSH    DE
000150 008D CDFA00          17      CALL    _SNCL
       008F                     SNCL_SWC    EQU $-1
000153 0090 D1              10      POP DE
000154 0091 1D               4      DEC E
000155 0092 CB7B             8      BIT 7,E
000157 0094 28DF            12      JR  Z,FAT1
000159 0096 2A0100          16      LD  HL,(1)
00015C 0099 2EA2             7      LD  L,_WTFATF
00015E 009B AF               4      XOR A
00015F 009C 77               7      LD  (HL),A      ;FATへの書き込みフラグをリセット
000160 009D E1              10      POP HL
000161 009E D1              10      POP DE
000162 009F C9              10      RET
       00A0                     RDE:
000163 00A0 FE10             7      CP  16  ;クラスタ番号がディレクトリエントリか確認
000165 00A2 3F               4      CCF
000166 00A3 D0              11      RET NC
000167 00A4 FE20             7      CP  32
000169 00A6 D0              11      RET NC
                                
00016A 00A7 E5              11      PUSH    HL  ;読み込んだアドレスが_DTBUFかチェック
00016B 00A8 7C               4      LD  A,H
00016C 00A9 3D               4      DEC A
00016D 00AA 2A0100          16      LD  HL,(1)
000170 00AD 2E7F             7      LD  L,_DTBUF+1
000172 00AF 24               4      INC H
000173 00B0 BE               7      CP  (HL)
000174 00B1 E1              10      POP HL
000175 00B2 37               4      SCF     ;ZFを保ったまま
000176 00B3 3F               4      CCF     ;CFをクリア
000177 00B4 C0              11      RET NZ
                                            ;S-OSのディレクトリエントリをMS-DOSのディレクトリエントリに変換する
000178 00B5 D5              11      PUSH    DE
000179 00B6 E5              11      PUSH    HL
00017A 00B7 DDE5            15      PUSH    IX
00017C 00B9 010000          10      LD  BC,0    ;+$0100にS-OSのディレクトリエントリをコピーして元のアドレスをクリアする
       00BC                     RDE_BK:
00017F 00BC 25               4      DEC H
000180 00BD 7E               7      LD  A,(HL)
000181 00BE 71               7      LD  (HL),C  ;C=0
000182 00BF 24               4      INC H
000183 00C0 77               7      LD  (HL),A
000184 00C1 23               6      INC HL
000185 00C2 10F8            13      DJNZ    RDE_BK
000187 00C4 25               4      DEC H
                                
000188 00C5 0608             7      LD  B,8 ;1セクタに8エントリ
       00C7                     RDE1:
00018A 00C7 C5              11      PUSH    BC
00018B 00C8 E5              11      PUSH    HL
00018C 00C9 5D               4      LD  E,L
00018D 00CA 54               4      LD  D,H
00018E 00CB 15               4      DEC D
00018F 00CC 7E               7      LD  A,(HL)
000190 00CD FEFF             7      CP  $FF
000192 00CF CA5D01          10      JP  Z,DIR_NEXT
       00D0                     DIR_NEXT_SWC    EQU $-2
000195 00D2 E5              11      PUSH    HL
000196 00D3 DDE1            14      POP IX
000198 00D5 23               6      INC HL
                                
000199 00D6 B7               4      OR  A
00019A 00D7 7E               7      LD  A,(HL)
00019B 00D8 23               6      INC HL
00019C 00D9 2002            12      JR  NZ,RDE_DEL
00019E 00DB 3EE5             7      LD  A,$E5
       00DD                     RDE_DEL:
0001A0 00DD 12               7      LD  (DE),A
0001A1 00DE 13               6      INC DE
0001A2 00DF 010700          10      LD  BC,7    ;ファイル名
0001A5 00E2 EDB0                    LDIR        ;HL:+9 DE:+8
0001A7 00E4 010500          10      LD  BC,$0E-9
0001AA 00E7 09              11      ADD HL,BC   ;HL:+$0E
0001AB 00E8 010300          10      LD  BC,3    ;拡張子
0001AE 00EB EDB0                    LDIR        ;DE:+11
0001B0 00ED DD7E00          19      LD  A,(IX+0)    ;ファイルモード
0001B3 00F0 4F               4      LD  C,A
0001B4 00F1 87               4      ADD A,A
0001B5 00F2 9F               4      SBC A,A
0001B6 00F3 E610             7      AND $10 ;ディレクトリ
0001B8 00F5 CB71             8      BIT 6,C ;読み出しのみ
0001BA 00F7 2802            12      JR  Z,RDE_RO
0001BC 00F9 CBC7             8      SET 0,A
       00FB                     RDE_RO:
0001BE 00FB CB61             8      BIT 4,C ;隠しファイル
0001C0 00FD 2802            12      JR  Z,RDE_HD
0001C2 00FF CBCF             8      SET 1,A
       0101                     RDE_HD:
0001C4 0101 CB51             8      BIT 2,C ;Ascファイル
0001C6 0103 2802            12      JR  Z,RDE_ASC
0001C8 0105 CBEF             8      SET 5,A ;アーカイブ
       0107                     RDE_ASC:
0001CA 0107 12               7      LD  (DE),A  ;属性
0001CB 0108 13               6      INC DE  ;DE:+12
                                
0001CC 0109 060A             7      LD  B,10    ;予約領域10
       010B                     RDE2:
0001CE 010B 13               6      INC DE
0001CF 010C 10FD            13      DJNZ    RDE2
                                            ;DE:+26 更新時刻
0001D1 010E DD7E1C          19      LD  A,(IX+$1C)
0001D4 0111 CD6D01          17      CALL    BCD ;分
       0112                     BCD_SWC1    EQU $-2
0001D7 0114 6F               4      LD  L,A
0001D8 0115 29              11      ADD HL,HL
0001D9 0116 29              11      ADD HL,HL
0001DA 0117 DD7E1B          19      LD  A,(IX+$1B)
0001DD 011A CD6D01          17      CALL    BCD ;時
       011B                     BCD_SWC2    EQU $-2
0001E0 011D 67               4      LD  H,A
0001E1 011E 29              11      ADD HL,HL
0001E2 011F 29              11      ADD HL,HL
0001E3 0120 29              11      ADD HL,HL
0001E4 0121 DD7E1D          19      LD  A,(IX+$1D)
0001E7 0124 CD6D01          17      CALL    BCD ;秒
       0125                     BCD_SWC3    EQU $-2
0001EA 0127 CB3F             8      SRL A
0001EC 0129 B5               4      OR  L
0001ED 012A 12               7      LD  (DE),A
0001EE 012B 13               6      INC DE
0001EF 012C 7C               4      LD  A,H
0001F0 012D 12               7      LD  (DE),A
0001F1 012E 13               6      INC DE
                                            ;更新年月日
0001F2 012F DD7E19          19      LD  A,(IX+$19)
0001F5 0132 E6F0             7      AND $F0
0001F7 0134 6F               4      LD  L,A
0001F8 0135 DD7E18          19      LD  A,(IX+$18)
0001FB 0138 CD6D01          17      CALL    BCD ;年
       0139                     BCD_SWC4    EQU $-2
0001FE 013B 67               4      LD  H,A
0001FF 013C 29              11      ADD HL,HL
000200 013D DD7E1A          19      LD  A,(IX+$1A)
000203 0140 CD6D01          17      CALL    BCD ;日
       0141                     BCD_SWC5    EQU $-2
000206 0143 B5               4      OR  L
000207 0144 7D               4      LD  A,L
000208 0145 12               7      LD  (DE),A
000209 0146 13               6      INC DE
00020A 0147 7C               4      LD  A,H
00020B 0148 12               7      LD  (DE),A
00020C 0149 13               6      INC DE
                                            ;ファイルの先頭クラスタ
00020D 014A DD7E1E          19      LD  A,(IX+$1E)
000210 014D 12               7      LD  (DE),A
000211 014E 13               6      INC DE
000212 014F DD7E1F          19      LD  A,(IX+$1F)
000215 0152 12               7      LD  (DE),A
000216 0153 13               6      INC DE
                                            ;ファイルのサイズ
000217 0154 DD7E12          19      LD  A,(IX+$12)
00021A 0157 12               7      LD  (DE),A
00021B 0158 13               6      INC DE
00021C 0159 DD7E13          19      LD  A,(IX+$13)
00021F 015C 12               7      LD  (DE),A
       015D                     DIR_NEXT:
000220 015D E1              10      POP HL
000221 015E 012000          10      LD  BC,32
000224 0161 09              11      ADD HL,BC
000225 0162 C1              10      POP BC
000226 0163 05               4      DEC B
000227 0164 C2C700          10      JP  NZ,RDE1
       0165                     RDE1_SWC    EQU $-2
00022A 0167 DDE1            14      POP IX
00022C 0169 E1              10      POP HL
00022D 016A D1              10      POP DE
00022E 016B AF               4      XOR A
00022F 016C C9              10      RET
                                
       016D                     BCD:
000230 016D 4F               4      LD  C,A
000231 016E E6F0             7      AND $F0 ;10の位
000233 0170 0F               4      RRCA
000234 0171 47               4      LD  B,A
000235 0172 0F               4      RRCA
000236 0173 0F               4      RRCA
000237 0174 80               4      ADD A,B
000238 0175 47               4      LD  B,A
000239 0176 79               4      LD  A,C
00023A 0177 E60F             7      AND $0F ;1の位
00023C 0179 80               4      ADD A,B
00023D 017A C9              10      RET
                                
       017B                     BPB_SOS2D:      ;S-OS向けのBPB
00023E 017B EBFE90                  DB  $EB,$FE,$90 ;BS_JmpBoot
000241 017E 532D4F5320202020        DB  "S-OS    "  ;BS_OEMName
000249 0186 0001                    DW  256     ;BPB_BytsPerSec
00024B 0188 10                      DB  16      ;BPB_SecPerClus
00024C 0189 0E00                    DW  14      ;BPB_RsvdSecCnt
00024E 018B 02                      DB  2       ;BPB_NumFATs
00024F 018C 8000                    DW  128     ;BPB_RootEntCnt
000251 018E 0005                    DW  1280        ;BPB_TotSec16
000253 0190 01                      DB  1       ;BPB_Media
000254 0191 0100                    DW  1       ;BPB_FATSz16
000256 0193 1000                    DW  16      ;BPB_SecPerTrk
000258 0195 0200                    DW  2       ;BPB_NumHeads
       0197                     BPB_SOS2D_E:
[EOF:SOSDISK.ASM:UTF_8]
