                                ;*** AILZ80ASM *** Z-80 Assembler, version 1.0.21.0, LST:Full:4
                                ;
                                ;   MZ-1500
                                ;   G-RAMとメインRAM($2000-$7FFF)の内容をスワップする
                                ;
000000 1F00                         ORG $1F80-128
                                                    ;MZTヘッダ128バイト
000000 1F00 01                      DB  1           ;ファイルモード
000001 1F01 4D5A313530302053        DB  "MZ1500 SWAP G"     ;ファイル名(13)
            5741502047          
00000E 1F0E 52414D                  DB  "RAM"           ;拡張子(3)
000011 1F11 0D                      DB  $0D
000012 1F12 2000                    DW  LAST_ADR - START_ADR    ;サイズ
000014 1F14 801F                    DW  START_ADR       ;開始アドレス
000016 1F16 801F                    DW  START_ADR       ;実行アドレス
000018 1F18                         DS  104
       1F80                     START_ADR:
000080 1F80 110020          10      LD  DE,$2000    ;メモリ
000083 1F83 3E01             7      LD  A,1     ;PCG 青プレーン
       1F85                     LOOP1:
000085 1F85 F5              11      PUSH    AF
000086 1F86 D3E5            11      OUT ($E5),A     ;MZ-1500: PCGバンク切り替え
000088 1F88 010020          10      LD  BC,$2000    ;G-RAM各プレーンのサイズ
00008B 1F8B 2100D0          10      LD  HL,$D000    ;G-RAM開始アドレス
       1F8E                     LOOP2:
00008E 1F8E 1A               7      LD  A,(DE)
00008F 1F8F EDA0            16      LDI         ;BCが0の場合にP/V=0
000091 1F91 2B               6      DEC HL
000092 1F92 77               7      LD  (HL),A
000093 1F93 23               6      INC HL
000094 1F94 EA8E1F          10      JP  PE,LOOP2
000097 1F97 F1              10      POP AF
000098 1F98 3C               4      INC A
000099 1F99 FE04             7      CP  4
00009B 1F9B 38E8            12      JR  C,LOOP1
                                
00009D 1F9D D3E6            11      OUT ($E6),A     ;MZ-1500: PCGバンクを閉じる
00009F 1F9F C9              10      RET
       1FA0                     LAST_ADR:
[EOF:MZ1500_GRAM.ASM:UTF_8]
